# JRE version: OpenJDK Runtime Environment Temurin-17.0.10+7 (17.0.10+7) (build 17.0.10+7)
# Java VM: OpenJDK 64-Bit Server VM Temurin-17.0.10+7 (17.0.10+7, mixed mode, tiered, compressed oops, compressed class ptrs, parallel gc, windows-amd64)
GC Precious Log:
 CPUs: 4 total, 4 available
 Memory: 8029M
 Large Page Support: Disabled
 NUMA Support: Disabled
 Compressed Oops: Enabled (32-bit)
 Alignments: Space 512K, Generation 512K, Heap 2M
 Heap Min Capacity: 100M
 Heap Initial Capacity: 100M
 Heap Max Capacity: 1G
 Pre-touch: Disabled
 Parallel Workers: 4
Heap:
 PSYoungGen      total 5632K, used 1952K [0x00000000eab00000, 0x00000000eb300000, 0x0000000100000000)
  eden space 3072K, 0% used [0x00000000eab00000,0x00000000eab00000,0x00000000eae00000)
  from space 2560K, 76% used [0x00000000eb080000,0x00000000eb268000,0x00000000eb300000)
  to   space 2560K, 0% used [0x00000000eae00000,0x00000000eae00000,0x00000000eb080000)
 ParOldGen       total 296448K, used 296280K [0x00000000c0000000, 0x00000000d2180000, 0x00000000eab00000)
  object space 296448K, 99% used [0x00000000c0000000,0x00000000d21560c8,0x00000000d2180000)
 Metaspace       used 91881K, committed 93312K, reserved 1179648K
  class space    used 9534K, committed 10112K, reserved 1048576K
GC Heap History (20 events):
Event: 944.258 GC heap after
{Heap after GC invocations=1523 (full 25):
 PSYoungGen      total 2560K, used 1024K [0x00000000eab00000, 0x00000000eaf80000, 0x0000000100000000)
  eden space 1024K, 0% used [0x00000000eab00000,0x00000000eab00000,0x00000000eac00000)
  from space 1536K, 66% used [0x00000000eac00000,0x00000000ead00000,0x00000000ead80000)
  to   space 1536K, 0% used [0x00000000eae00000,0x00000000eae00000,0x00000000eaf80000)
 ParOldGen       total 295424K, used 285332K [0x00000000c0000000, 0x00000000d2080000, 0x00000000eab00000)
  object space 295424K, 96% used [0x00000000c0000000,0x00000000d16a5078,0x00000000d2080000)
 Metaspace       used 91856K, committed 93248K, reserved 1179648K
  class space    used 9534K, committed 10112K, reserved 1048576K
}
Event: 944.266 GC heap before
{Heap before GC invocations=1524 (full 25):
 PSYoungGen      total 2560K, used 2048K [0x00000000eab00000, 0x00000000eaf80000, 0x0000000100000000)
  eden space 1024K, 100% used [0x00000000eab00000,0x00000000eac00000,0x00000000eac00000)
  from space 1536K, 66% used [0x00000000eac00000,0x00000000ead00000,0x00000000ead80000)
  to   space 1536K, 0% used [0x00000000eae00000,0x00000000eae00000,0x00000000eaf80000)
 ParOldGen       total 295424K, used 285332K [0x00000000c0000000, 0x00000000d2080000, 0x00000000eab00000)
  object space 295424K, 96% used [0x00000000c0000000,0x00000000d16a5078,0x00000000d2080000)
 Metaspace       used 91856K, committed 93248K, reserved 1179648K
  class space    used 9534K, committed 10112K, reserved 1048576K
}
Event: 944.270 GC heap after
{Heap after GC invocations=1524 (full 25):
 PSYoungGen      total 2560K, used 816K [0x00000000eab00000, 0x00000000eaf00000, 0x0000000100000000)
  eden space 1536K, 0% used [0x00000000eab00000,0x00000000eab00000,0x00000000eac80000)
  from space 1024K, 79% used [0x00000000eae00000,0x00000000eaecc000,0x00000000eaf00000)
  to   space 1024K, 0% used [0x00000000ead00000,0x00000000ead00000,0x00000000eae00000)
 ParOldGen       total 295424K, used 286308K [0x00000000c0000000, 0x00000000d2080000, 0x00000000eab00000)
  object space 295424K, 96% used [0x00000000c0000000,0x00000000d1799078,0x00000000d2080000)
 Metaspace       used 91856K, committed 93248K, reserved 1179648K
  class space    used 9534K, committed 10112K, reserved 1048576K
}
Event: 944.297 GC heap before
{Heap before GC invocations=1525 (full 25):
 PSYoungGen      total 2560K, used 2352K [0x00000000eab00000, 0x00000000eaf00000, 0x0000000100000000)
  eden space 1536K, 100% used [0x00000000eab00000,0x00000000eac80000,0x00000000eac80000)
  from space 1024K, 79% used [0x00000000eae00000,0x00000000eaecc000,0x00000000eaf00000)
  to   space 1024K, 0% used [0x00000000ead00000,0x00000000ead00000,0x00000000eae00000)
 ParOldGen       total 295424K, used 286308K [0x00000000c0000000, 0x00000000d2080000, 0x00000000eab00000)
  object space 295424K, 96% used [0x00000000c0000000,0x00000000d1799078,0x00000000d2080000)
 Metaspace       used 91856K, committed 93248K, reserved 1179648K
  class space    used 9534K, committed 10112K, reserved 1048576K
}
Event: 944.301 GC heap after
{Heap after GC invocations=1525 (full 25):
 PSYoungGen      total 3072K, used 1004K [0x00000000eab00000, 0x00000000eb200000, 0x0000000100000000)
  eden space 2048K, 0% used [0x00000000eab00000,0x00000000eab00000,0x00000000ead00000)
  from space 1024K, 98% used [0x00000000ead00000,0x00000000eadfb068,0x00000000eae00000)
  to   space 2560K, 0% used [0x00000000eaf80000,0x00000000eaf80000,0x00000000eb200000)
 ParOldGen       total 295424K, used 287216K [0x00000000c0000000, 0x00000000d2080000, 0x00000000eab00000)
  object space 295424K, 97% used [0x00000000c0000000,0x00000000d187c0e0,0x00000000d2080000)
 Metaspace       used 91856K, committed 93248K, reserved 1179648K
  class space    used 9534K, committed 10112K, reserved 1048576K
}
Event: 944.308 GC heap before
{Heap before GC invocations=1526 (full 25):
 PSYoungGen      total 3072K, used 3052K [0x00000000eab00000, 0x00000000eb200000, 0x0000000100000000)
  eden space 2048K, 100% used [0x00000000eab00000,0x00000000ead00000,0x00000000ead00000)
  from space 1024K, 98% used [0x00000000ead00000,0x00000000eadfb068,0x00000000eae00000)
  to   space 2560K, 0% used [0x00000000eaf80000,0x00000000eaf80000,0x00000000eb200000)
 ParOldGen       total 295424K, used 287216K [0x00000000c0000000, 0x00000000d2080000, 0x00000000eab00000)
  object space 295424K, 97% used [0x00000000c0000000,0x00000000d187c0e0,0x00000000d2080000)
 Metaspace       used 91856K, committed 93248K, reserved 1179648K
  class space    used 9534K, committed 10112K, reserved 1048576K
}
Event: 944.312 GC heap after
{Heap after GC invocations=1526 (full 25):
 PSYoungGen      total 4608K, used 1792K [0x00000000eab00000, 0x00000000eb180000, 0x0000000100000000)
  eden space 2560K, 0% used [0x00000000eab00000,0x00000000eab00000,0x00000000ead80000)
  from space 2048K, 87% used [0x00000000eaf80000,0x00000000eb140000,0x00000000eb180000)
  to   space 2048K, 0% used [0x00000000ead80000,0x00000000ead80000,0x00000000eaf80000)
 ParOldGen       total 295424K, used 288228K [0x00000000c0000000, 0x00000000d2080000, 0x00000000eab00000)
  object space 295424K, 97% used [0x00000000c0000000,0x00000000d1979148,0x00000000d2080000)
 Metaspace       used 91856K, committed 93248K, reserved 1179648K
  class space    used 9534K, committed 10112K, reserved 1048576K
}
Event: 944.324 GC heap before
{Heap before GC invocations=1527 (full 25):
 PSYoungGen      total 4608K, used 4184K [0x00000000eab00000, 0x00000000eb180000, 0x0000000100000000)
  eden space 2560K, 93% used [0x00000000eab00000,0x00000000ead56138,0x00000000ead80000)
  from space 2048K, 87% used [0x00000000eaf80000,0x00000000eb140000,0x00000000eb180000)
  to   space 2048K, 0% used [0x00000000ead80000,0x00000000ead80000,0x00000000eaf80000)
 ParOldGen       total 295424K, used 288228K [0x00000000c0000000, 0x00000000d2080000, 0x00000000eab00000)
  object space 295424K, 97% used [0x00000000c0000000,0x00000000d1979148,0x00000000d2080000)
 Metaspace       used 91856K, committed 93248K, reserved 1179648K
  class space    used 9534K, committed 10112K, reserved 1048576K
}
Event: 944.330 GC heap after
{Heap after GC invocations=1527 (full 25):
 PSYoungGen      total 4608K, used 1608K [0x00000000eab00000, 0x00000000eb200000, 0x0000000100000000)
  eden space 2560K, 0% used [0x00000000eab00000,0x00000000eab00000,0x00000000ead80000)
  from space 2048K, 78% used [0x00000000ead80000,0x00000000eaf12000,0x00000000eaf80000)
  to   space 2048K, 0% used [0x00000000eb000000,0x00000000eb000000,0x00000000eb200000)
 ParOldGen       total 295424K, used 289996K [0x00000000c0000000, 0x00000000d2080000, 0x00000000eab00000)
  object space 295424K, 98% used [0x00000000c0000000,0x00000000d1b33168,0x00000000d2080000)
 Metaspace       used 91856K, committed 93248K, reserved 1179648K
  class space    used 9534K, committed 10112K, reserved 1048576K
}
Event: 944.670 GC heap before
{Heap before GC invocations=1528 (full 25):
 PSYoungGen      total 4608K, used 4167K [0x00000000eab00000, 0x00000000eb200000, 0x0000000100000000)
  eden space 2560K, 99% used [0x00000000eab00000,0x00000000ead7ffe8,0x00000000ead80000)
  from space 2048K, 78% used [0x00000000ead80000,0x00000000eaf12000,0x00000000eaf80000)
  to   space 2048K, 0% used [0x00000000eb000000,0x00000000eb000000,0x00000000eb200000)
 ParOldGen       total 295424K, used 289996K [0x00000000c0000000, 0x00000000d2080000, 0x00000000eab00000)
  object space 295424K, 98% used [0x00000000c0000000,0x00000000d1b33168,0x00000000d2080000)
 Metaspace       used 91858K, committed 93248K, reserved 1179648K
  class space    used 9534K, committed 10112K, reserved 1048576K
}
Event: 944.675 GC heap after
{Heap after GC invocations=1528 (full 25):
 PSYoungGen      total 4096K, used 784K [0x00000000eab00000, 0x00000000eb100000, 0x0000000100000000)
  eden space 3072K, 0% used [0x00000000eab00000,0x00000000eab00000,0x00000000eae00000)
  from space 1024K, 76% used [0x00000000eb000000,0x00000000eb0c4020,0x00000000eb100000)
  to   space 1536K, 0% used [0x00000000eae00000,0x00000000eae00000,0x00000000eaf80000)
 ParOldGen       total 295424K, used 291364K [0x00000000c0000000, 0x00000000d2080000, 0x00000000eab00000)
  object space 295424K, 98% used [0x00000000c0000000,0x00000000d1c89168,0x00000000d2080000)
 Metaspace       used 91858K, committed 93248K, reserved 1179648K
  class space    used 9534K, committed 10112K, reserved 1048576K
}
Event: 956.058 GC heap before
{Heap before GC invocations=1529 (full 25):
 PSYoungGen      total 4096K, used 3855K [0x00000000eab00000, 0x00000000eb100000, 0x0000000100000000)
  eden space 3072K, 99% used [0x00000000eab00000,0x00000000eadfffa0,0x00000000eae00000)
  from space 1024K, 76% used [0x00000000eb000000,0x00000000eb0c4020,0x00000000eb100000)
  to   space 1536K, 0% used [0x00000000eae00000,0x00000000eae00000,0x00000000eaf80000)
 ParOldGen       total 295424K, used 291364K [0x00000000c0000000, 0x00000000d2080000, 0x00000000eab00000)
  object space 295424K, 98% used [0x00000000c0000000,0x00000000d1c89168,0x00000000d2080000)
 Metaspace       used 91863K, committed 93248K, reserved 1179648K
  class space    used 9534K, committed 10112K, reserved 1048576K
}
Event: 956.060 GC heap after
{Heap after GC invocations=1529 (full 25):
 PSYoungGen      total 4608K, used 176K [0x00000000eab00000, 0x00000000eb080000, 0x0000000100000000)
  eden space 3072K, 0% used [0x00000000eab00000,0x00000000eab00000,0x00000000eae00000)
  from space 1536K, 11% used [0x00000000eae00000,0x00000000eae2c030,0x00000000eaf80000)
  to   space 512K, 0% used [0x00000000eb000000,0x00000000eb000000,0x00000000eb080000)
 ParOldGen       total 295424K, used 291932K [0x00000000c0000000, 0x00000000d2080000, 0x00000000eab00000)
  object space 295424K, 98% used [0x00000000c0000000,0x00000000d1d17168,0x00000000d2080000)
 Metaspace       used 91863K, committed 93248K, reserved 1179648K
  class space    used 9534K, committed 10112K, reserved 1048576K
}
Event: 966.918 GC heap before
{Heap before GC invocations=1530 (full 25):
 PSYoungGen      total 4608K, used 3247K [0x00000000eab00000, 0x00000000eb080000, 0x0000000100000000)
  eden space 3072K, 99% used [0x00000000eab00000,0x00000000eadfffc0,0x00000000eae00000)
  from space 1536K, 11% used [0x00000000eae00000,0x00000000eae2c030,0x00000000eaf80000)
  to   space 512K, 0% used [0x00000000eb000000,0x00000000eb000000,0x00000000eb080000)
 ParOldGen       total 295424K, used 291932K [0x00000000c0000000, 0x00000000d2080000, 0x00000000eab00000)
  object space 295424K, 98% used [0x00000000c0000000,0x00000000d1d17168,0x00000000d2080000)
 Metaspace       used 91881K, committed 93312K, reserved 1179648K
  class space    used 9534K, committed 10112K, reserved 1048576K
}
Event: 966.922 GC heap after
{Heap after GC invocations=1530 (full 25):
 PSYoungGen      total 3072K, used 485K [0x00000000eab00000, 0x00000000eb300000, 0x0000000100000000)
  eden space 2560K, 0% used [0x00000000eab00000,0x00000000eab00000,0x00000000ead80000)
  from space 512K, 94% used [0x00000000eb000000,0x00000000eb0797a0,0x00000000eb080000)
  to   space 2560K, 0% used [0x00000000ead80000,0x00000000ead80000,0x00000000eb000000)
 ParOldGen       total 295424K, used 293234K [0x00000000c0000000, 0x00000000d2080000, 0x00000000eab00000)
  object space 295424K, 99% used [0x00000000c0000000,0x00000000d1e5c928,0x00000000d2080000)
 Metaspace       used 91881K, committed 93312K, reserved 1179648K
  class space    used 9534K, committed 10112K, reserved 1048576K
}
Event: 966.930 GC heap before
{Heap before GC invocations=1531 (full 25):
 PSYoungGen      total 3072K, used 3045K [0x00000000eab00000, 0x00000000eb300000, 0x0000000100000000)
  eden space 2560K, 100% used [0x00000000eab00000,0x00000000ead80000,0x00000000ead80000)
  from space 512K, 94% used [0x00000000eb000000,0x00000000eb0797a0,0x00000000eb080000)
  to   space 2560K, 0% used [0x00000000ead80000,0x00000000ead80000,0x00000000eb000000)
 ParOldGen       total 295424K, used 293234K [0x00000000c0000000, 0x00000000d2080000, 0x00000000eab00000)
  object space 295424K, 99% used [0x00000000c0000000,0x00000000d1e5c928,0x00000000d2080000)
 Metaspace       used 91881K, committed 93312K, reserved 1179648K
  class space    used 9534K, committed 10112K, reserved 1048576K
}
Event: 966.934 GC heap after
{Heap after GC invocations=1531 (full 25):
 PSYoungGen      total 5120K, used 2560K [0x00000000eab00000, 0x00000000eb380000, 0x0000000100000000)
  eden space 2560K, 0% used [0x00000000eab00000,0x00000000eab00000,0x00000000ead80000)
  from space 2560K, 100% used [0x00000000ead80000,0x00000000eb000000,0x00000000eb000000)
  to   space 3072K, 0% used [0x00000000eb080000,0x00000000eb080000,0x00000000eb380000)
 ParOldGen       total 295424K, used 293744K [0x00000000c0000000, 0x00000000d2080000, 0x00000000eab00000)
  object space 295424K, 99% used [0x00000000c0000000,0x00000000d1edc0c8,0x00000000d2080000)
 Metaspace       used 91881K, committed 93312K, reserved 1179648K
  class space    used 9534K, committed 10112K, reserved 1048576K
}
Event: 966.943 GC heap before
{Heap before GC invocations=1532 (full 25):
 PSYoungGen      total 5120K, used 4839K [0x00000000eab00000, 0x00000000eb380000, 0x0000000100000000)
  eden space 2560K, 89% used [0x00000000eab00000,0x00000000ead39e90,0x00000000ead80000)
  from space 2560K, 100% used [0x00000000ead80000,0x00000000eb000000,0x00000000eb000000)
  to   space 3072K, 0% used [0x00000000eb080000,0x00000000eb080000,0x00000000eb380000)
 ParOldGen       total 295424K, used 293744K [0x00000000c0000000, 0x00000000d2080000, 0x00000000eab00000)
  object space 295424K, 99% used [0x00000000c0000000,0x00000000d1edc0c8,0x00000000d2080000)
 Metaspace       used 91881K, committed 93312K, reserved 1179648K
  class space    used 9534K, committed 10112K, reserved 1048576K
}
Event: 966.948 GC heap after
{Heap after GC invocations=1532 (full 25):
 PSYoungGen      total 5632K, used 1952K [0x00000000eab00000, 0x00000000eb300000, 0x0000000100000000)
  eden space 3072K, 0% used [0x00000000eab00000,0x00000000eab00000,0x00000000eae00000)
  from space 2560K, 76% used [0x00000000eb080000,0x00000000eb268000,0x00000000eb300000)
  to   space 2560K, 0% used [0x00000000eae00000,0x00000000eae00000,0x00000000eb080000)
 ParOldGen       total 296448K, used 296280K [0x00000000c0000000, 0x00000000d2180000, 0x00000000eab00000)
  object space 296448K, 99% used [0x00000000c0000000,0x00000000d21560c8,0x00000000d2180000)
 Metaspace       used 91881K, committed 93312K, reserved 1179648K
  class space    used 9534K, committed 10112K, reserved 1048576K
}
Event: 966.948 GC heap before
{Heap before GC invocations=1533 (full 26):
 PSYoungGen      total 5632K, used 1952K [0x00000000eab00000, 0x00000000eb300000, 0x0000000100000000)
  eden space 3072K, 0% used [0x00000000eab00000,0x00000000eab00000,0x00000000eae00000)
  from space 2560K, 76% used [0x00000000eb080000,0x00000000eb268000,0x00000000eb300000)
  to   space 2560K, 0% used [0x00000000eae00000,0x00000000eae00000,0x00000000eb080000)
 ParOldGen       total 296448K, used 296280K [0x00000000c0000000, 0x00000000d2180000, 0x00000000eab00000)
  object space 296448K, 99% used [0x00000000c0000000,0x00000000d21560c8,0x00000000d2180000)
 Metaspace       used 91881K, committed 93312K, reserved 1179648K
  class space    used 9534K, committed 10112K, reserved 1048576K
}

